<?xml version="1.0" encoding="UTF-8"?>
<!-- Generated by org.testng.reporters.JUnitReportReporter -->
<testsuite skipped="0" hostname="MAVBCP203" name="com.assignments.assignment1" tests="18" failures="0" timestamp="2020-07-27T14:00:23 GMT+05:30" time="0.043" errors="0">
  <testcase name="calcExponent" time="0.002" classname="com.assignments.assignment1"/>
  <system-out>
Actual - 16.0 Expected - 16.0  </system-out>
  <testcase name="calcModulus" time="0.002" classname="com.assignments.assignment1"/>
  <system-out>
Actual - 0 Expected - 0  </system-out>
  <testcase name="calcSubraction" time="0.001" classname="com.assignments.assignment1"/>
  <system-out>
Actual - 0 Expected - 0  </system-out>
  <testcase name="calcExponent" time="0.001" classname="com.assignments.assignment1"/>
  <system-out>
Actual - 25.0 Expected - 25.0  </system-out>
  <testcase name="calcModulus" time="0.002" classname="com.assignments.assignment1"/>
  <system-out>
Actual - 0 Expected - 0  </system-out>
  <testcase name="calcMultiplication" time="0.001" classname="com.assignments.assignment1"/>
  <system-out>
Actual - 6 Expected - 6  </system-out>
  <testcase name="calcDivReal" time="0.002" classname="com.assignments.assignment1"/>
  <system-out>
Actual - 3.0 Expected - 23.0  </system-out>
  <testcase name="calcMultiplication" time="0.002" classname="com.assignments.assignment1"/>
  <system-out>
Actual - 2 Expected - 2  </system-out>
  <testcase name="calcSubraction" time="0.001" classname="com.assignments.assignment1"/>
  <system-out>
Actual - -1 Expected - -1  </system-out>
  <testcase name="calcDivReal" time="0.002" classname="com.assignments.assignment1"/>
  <system-out>
Actual - 1.0 Expected - 221.0  </system-out>
  <testcase name="calcExponent" time="0.002" classname="com.assignments.assignment1"/>
  <system-out>
Actual - 27.0 Expected - 27.0  </system-out>
  <testcase name="calcInverse" time="0.005" classname="com.assignments.assignment1"/>
  <system-out>
Actual - 0.25 Expected - 32.0  </system-out>
  <testcase name="calcInverse" time="0.002" classname="com.assignments.assignment1"/>
  <system-out>
Actual - 0.3333333333333333 Expected - 33.0  </system-out>
  <testcase name="calcSubraction" time="0.001" classname="com.assignments.assignment1"/>
  <system-out>
Actual - 1 Expected - 1  </system-out>
  <testcase name="calcModulus" time="0.002" classname="com.assignments.assignment1"/>
  <system-out>
Actual - 0 Expected - 0  </system-out>
  <testcase name="calcDivReal" time="0.009" classname="com.assignments.assignment1"/>
  <system-out>
Actual - 2.0 Expected - 22.0  </system-out>
  <testcase name="calcMultiplication" time="0.002" classname="com.assignments.assignment1"/>
  <system-out>
Actual - 36 Expected - 36  </system-out>
  <testcase name="calcInverse" time="0.004" classname="com.assignments.assignment1"/>
  <system-out>
Actual - 0.2 Expected - 32.0  </system-out>
</testsuite> <!-- com.assignments.assignment1 -->
